<?xml version="1.0" encoding="UTF-8"?>
<robot generator="Robot 7.1 (Python 3.12.6 on win32)" generated="2025-06-03T19:46:00.417628" rpa="false" schemaversion="5">
<suite id="s1" name="Api Testing Usuarios" source="D:\G\Programação\Desenvolvimento\robotFramework\ApiTesting\tests\api_testing_usuarios.robot">
<test id="s1-t1" name="Cenário 01: Cadastrar um novo usuário com sucesso na ServeRest" line="8">
<kw name="Criar um usuário novo" owner="api_testing_usuarios">
<kw name="Generate Random String" owner="String">
<msg time="2025-06-03T19:46:00.886040" level="INFO">${palavra_aleatoria} = SVeH</msg>
<var>${palavra_aleatoria}</var>
<arg>length=4</arg>
<arg>chars=[LETTERS]</arg>
<doc>Generates a string with a desired ``length`` from the given ``chars``.</doc>
<status status="PASS" start="2025-06-03T19:46:00.886040" elapsed="0.000000"/>
</kw>
<kw name="Convert To Lower Case" owner="String">
<msg time="2025-06-03T19:46:00.886040" level="INFO">${palavra_aleatoria} = sveh</msg>
<var>${palavra_aleatoria}</var>
<arg>${palavra_aleatoria}</arg>
<doc>Converts string to lower case.</doc>
<status status="PASS" start="2025-06-03T19:46:00.886040" elapsed="0.000000"/>
</kw>
<kw name="Log" owner="BuiltIn">
<msg time="2025-06-03T19:46:00.886040" level="INFO">Minha palavra aleatória: sveh@emailteste.com</msg>
<arg>Minha palavra aleatória: ${palavra_aleatoria}@emailteste.com</arg>
<doc>Logs the given message with the given level.</doc>
<status status="PASS" start="2025-06-03T19:46:00.886040" elapsed="0.001020"/>
</kw>
<kw name="Set Test Variable" owner="BuiltIn">
<msg time="2025-06-03T19:46:00.887565" level="INFO">${EMAIL_TESTE} = sveh@emailteste.com</msg>
<arg>${EMAIL_TESTE}</arg>
<arg>${palavra_aleatoria}@emailteste.com</arg>
<doc>Makes a variable available everywhere within the scope of the current test.</doc>
<status status="PASS" start="2025-06-03T19:46:00.887060" elapsed="0.000505"/>
</kw>
<kw name="Log" owner="BuiltIn">
<msg time="2025-06-03T19:46:00.887565" level="INFO">sveh@emailteste.com</msg>
<arg>${EMAIL_TESTE}</arg>
<doc>Logs the given message with the given level.</doc>
<status status="PASS" start="2025-06-03T19:46:00.887565" elapsed="0.000000"/>
</kw>
<status status="PASS" start="2025-06-03T19:46:00.885035" elapsed="0.002530"/>
</kw>
<kw name="Cadastrar o usuário criado na ServeRest" owner="api_testing_usuarios">
<kw name="Create Dictionary" owner="BuiltIn">
<msg time="2025-06-03T19:46:00.888571" level="INFO">${body} = {'nome': 'cliente', 'email': 'sveh@emailteste.com', 'password': '1234', 'administrador': 'true'}</msg>
<var>${body}</var>
<arg>nome=cliente</arg>
<arg>email=${email}</arg>
<arg>password=1234</arg>
<arg>administrador=true</arg>
<doc>Creates and returns a dictionary based on the given ``items``.</doc>
<status status="PASS" start="2025-06-03T19:46:00.888067" elapsed="0.000504"/>
</kw>
<kw name="Log" owner="BuiltIn">
<msg time="2025-06-03T19:46:00.888571" level="INFO">{'nome': 'cliente', 'email': 'sveh@emailteste.com', 'password': '1234', 'administrador': 'true'}</msg>
<arg>${body}</arg>
<doc>Logs the given message with the given level.</doc>
<status status="PASS" start="2025-06-03T19:46:00.888571" elapsed="0.000000"/>
</kw>
<kw name="Criar sessão na ServeRest" owner="api_testing_usuarios">
<kw name="Create Dictionary" owner="BuiltIn">
<msg time="2025-06-03T19:46:00.889077" level="INFO">${headers} = {'accept': 'application/json', 'Content-Type': 'application/json'}</msg>
<var>${headers}</var>
<arg>accept=application/json</arg>
<arg>Content-Type=application/json</arg>
<doc>Creates and returns a dictionary based on the given ``items``.</doc>
<status status="PASS" start="2025-06-03T19:46:00.889077" elapsed="0.000000"/>
</kw>
<kw name="Create Session" owner="RequestsLibrary">
<msg time="2025-06-03T19:46:00.889077" level="INFO">Creating Session using : alias=ServeRest, url=https://serverest.dev, headers={'accept': 'application/json', 'Content-Type': 'application/json'},                     cookies={}, auth=None, timeout=None, proxies=None, verify=False,                     debug=0 </msg>
<arg>alias=ServeRest</arg>
<arg>url=https://serverest.dev</arg>
<arg>headers=${headers}</arg>
<doc>Create Session: create a HTTP session to a server</doc>
<status status="PASS" start="2025-06-03T19:46:00.889077" elapsed="0.000000"/>
</kw>
<status status="PASS" start="2025-06-03T19:46:00.888571" elapsed="0.000506"/>
</kw>
<kw name="POST On Session" owner="RequestsLibrary">
<msg time="2025-06-03T19:46:01.375823" level="INFO">POST Request : url=https://serverest.dev/usuarios 
 path_url=/usuarios 
 headers={'User-Agent': 'python-requests/2.32.3', 'Accept-Encoding': 'gzip, deflate', 'accept': 'application/json', 'Connection': 'keep-alive', 'Content-Type': 'application/json', 'Content-Length': '96'} 
 body=b'{"nome": "cliente", "email": "sveh@emailteste.com", "password": "1234", "administrador": "true"}' 
 </msg>
<msg time="2025-06-03T19:46:01.375823" level="INFO">POST Response : url=https://serverest.dev/usuarios 
 status=201, reason=Created 
 headers={'access-control-allow-origin': '*', 'x-dns-prefetch-control': 'off', 'x-frame-options': 'SAMEORIGIN', 'strict-transport-security': 'max-age=15552000; includeSubDomains', 'x-download-options': 'noopen', 'x-content-type-options': 'nosniff', 'x-xss-protection': '1; mode=block', 'content-type': 'application/json; charset=utf-8', 'x-cloud-trace-context': '69a60b13cd10501638ed2dd428326e95;o=1', 'date': 'Tue, 03 Jun 2025 22:46:01 GMT', 'server': 'Google Frontend', 'Content-Length': '82'} 
 body={
    "message": "Cadastro realizado com sucesso",
    "_id": "Z9O1oOuJZAMfteeM"
} 
 </msg>
<msg time="2025-06-03T19:46:01.376328" level="INFO">C:\Users\Gadita\AppData\Local\Programs\Python\Python312\Lib\site-packages\urllib3\connectionpool.py:1099: InsecureRequestWarning: Unverified HTTPS request is being made to host 'serverest.dev'. Adding certificate verification is strongly advised. See: https://urllib3.readthedocs.io/en/latest/advanced-usage.html#tls-warnings
  warnings.warn(</msg>
<msg time="2025-06-03T19:46:01.376328" level="INFO">${resposta} = &lt;Response [201]&gt;</msg>
<var>${resposta}</var>
<arg>alias=ServeRest</arg>
<arg>url=/usuarios</arg>
<arg>json=${body}</arg>
<arg>expected_status=${status_code_desejado}</arg>
<doc>Sends a POST request on a previously created HTTP Session.</doc>
<status status="PASS" start="2025-06-03T19:46:00.889077" elapsed="0.487251"/>
</kw>
<kw name="Log" owner="BuiltIn">
<msg time="2025-06-03T19:46:01.376328" level="INFO">{'message': 'Cadastro realizado com sucesso', '_id': 'Z9O1oOuJZAMfteeM'}</msg>
<arg>${resposta.json()}</arg>
<doc>Logs the given message with the given level.</doc>
<status status="PASS" start="2025-06-03T19:46:01.376328" elapsed="0.001006"/>
</kw>
<kw name="Set Test Variable" owner="BuiltIn">
<msg time="2025-06-03T19:46:01.377841" level="INFO">${RESPOSTA} = {'message': 'Cadastro realizado com sucesso', '_id': 'Z9O1oOuJZAMfteeM'}</msg>
<arg>${RESPOSTA}</arg>
<arg>${resposta.json()}</arg>
<doc>Makes a variable available everywhere within the scope of the current test.</doc>
<status status="PASS" start="2025-06-03T19:46:01.377334" elapsed="0.000507"/>
</kw>
<arg>${EMAIL_TESTE}</arg>
<arg>status_code_desejado=201</arg>
<status status="PASS" start="2025-06-03T19:46:00.888067" elapsed="0.489774"/>
</kw>
<kw name="Conferir se o usuário foi cadastrado corretamente" owner="api_testing_usuarios">
<kw name="Log" owner="BuiltIn">
<msg time="2025-06-03T19:46:01.377841" level="INFO">{'message': 'Cadastro realizado com sucesso', '_id': 'Z9O1oOuJZAMfteeM'}</msg>
<arg>${RESPOSTA}</arg>
<doc>Logs the given message with the given level.</doc>
<status status="PASS" start="2025-06-03T19:46:01.377841" elapsed="0.000000"/>
</kw>
<kw name="Dictionary Should Contain Item" owner="Collections">
<arg>${RESPOSTA}</arg>
<arg>message</arg>
<arg>Cadastro realizado com sucesso</arg>
<doc>An item of ``key`` / ``value`` must be found in a ``dictionary``.</doc>
<status status="PASS" start="2025-06-03T19:46:01.377841" elapsed="0.000000"/>
</kw>
<kw name="Dictionary Should Contain Key" owner="Collections">
<arg>${RESPOSTA}</arg>
<arg>_id</arg>
<doc>Fails if ``key`` is not found from ``dictionary``.</doc>
<status status="PASS" start="2025-06-03T19:46:01.378846" elapsed="0.000000"/>
</kw>
<status status="PASS" start="2025-06-03T19:46:01.377841" elapsed="0.001005"/>
</kw>
<status status="PASS" start="2025-06-03T19:46:00.884528" elapsed="0.494318"/>
</test>
<test id="s1-t2" name="Cenário 02: Cadastrar um usuário já existente" line="13">
<kw name="Criar um usuário novo" owner="api_testing_usuarios">
<kw name="Generate Random String" owner="String">
<msg time="2025-06-03T19:46:01.380359" level="INFO">${palavra_aleatoria} = aQHD</msg>
<var>${palavra_aleatoria}</var>
<arg>length=4</arg>
<arg>chars=[LETTERS]</arg>
<doc>Generates a string with a desired ``length`` from the given ``chars``.</doc>
<status status="PASS" start="2025-06-03T19:46:01.379354" elapsed="0.001005"/>
</kw>
<kw name="Convert To Lower Case" owner="String">
<msg time="2025-06-03T19:46:01.380359" level="INFO">${palavra_aleatoria} = aqhd</msg>
<var>${palavra_aleatoria}</var>
<arg>${palavra_aleatoria}</arg>
<doc>Converts string to lower case.</doc>
<status status="PASS" start="2025-06-03T19:46:01.380359" elapsed="0.000000"/>
</kw>
<kw name="Log" owner="BuiltIn">
<msg time="2025-06-03T19:46:01.380867" level="INFO">Minha palavra aleatória: aqhd@emailteste.com</msg>
<arg>Minha palavra aleatória: ${palavra_aleatoria}@emailteste.com</arg>
<doc>Logs the given message with the given level.</doc>
<status status="PASS" start="2025-06-03T19:46:01.380359" elapsed="0.000508"/>
</kw>
<kw name="Set Test Variable" owner="BuiltIn">
<msg time="2025-06-03T19:46:01.381364" level="INFO">${EMAIL_TESTE} = aqhd@emailteste.com</msg>
<arg>${EMAIL_TESTE}</arg>
<arg>${palavra_aleatoria}@emailteste.com</arg>
<doc>Makes a variable available everywhere within the scope of the current test.</doc>
<status status="PASS" start="2025-06-03T19:46:01.380867" elapsed="0.000497"/>
</kw>
<kw name="Log" owner="BuiltIn">
<msg time="2025-06-03T19:46:01.381364" level="INFO">aqhd@emailteste.com</msg>
<arg>${EMAIL_TESTE}</arg>
<doc>Logs the given message with the given level.</doc>
<status status="PASS" start="2025-06-03T19:46:01.381364" elapsed="0.000000"/>
</kw>
<status status="PASS" start="2025-06-03T19:46:01.379354" elapsed="0.002010"/>
</kw>
<kw name="Cadastrar o usuário criado na ServeRest" owner="api_testing_usuarios">
<kw name="Create Dictionary" owner="BuiltIn">
<msg time="2025-06-03T19:46:01.382364" level="INFO">${body} = {'nome': 'cliente', 'email': 'aqhd@emailteste.com', 'password': '1234', 'administrador': 'true'}</msg>
<var>${body}</var>
<arg>nome=cliente</arg>
<arg>email=${email}</arg>
<arg>password=1234</arg>
<arg>administrador=true</arg>
<doc>Creates and returns a dictionary based on the given ``items``.</doc>
<status status="PASS" start="2025-06-03T19:46:01.381864" elapsed="0.000500"/>
</kw>
<kw name="Log" owner="BuiltIn">
<msg time="2025-06-03T19:46:01.382364" level="INFO">{'nome': 'cliente', 'email': 'aqhd@emailteste.com', 'password': '1234', 'administrador': 'true'}</msg>
<arg>${body}</arg>
<doc>Logs the given message with the given level.</doc>
<status status="PASS" start="2025-06-03T19:46:01.382364" elapsed="0.000000"/>
</kw>
<kw name="Criar sessão na ServeRest" owner="api_testing_usuarios">
<kw name="Create Dictionary" owner="BuiltIn">
<msg time="2025-06-03T19:46:01.382364" level="INFO">${headers} = {'accept': 'application/json', 'Content-Type': 'application/json'}</msg>
<var>${headers}</var>
<arg>accept=application/json</arg>
<arg>Content-Type=application/json</arg>
<doc>Creates and returns a dictionary based on the given ``items``.</doc>
<status status="PASS" start="2025-06-03T19:46:01.382364" elapsed="0.000000"/>
</kw>
<kw name="Create Session" owner="RequestsLibrary">
<msg time="2025-06-03T19:46:01.382364" level="INFO">Creating Session using : alias=ServeRest, url=https://serverest.dev, headers={'accept': 'application/json', 'Content-Type': 'application/json'},                     cookies={}, auth=None, timeout=None, proxies=None, verify=False,                     debug=0 </msg>
<arg>alias=ServeRest</arg>
<arg>url=https://serverest.dev</arg>
<arg>headers=${headers}</arg>
<doc>Create Session: create a HTTP session to a server</doc>
<status status="PASS" start="2025-06-03T19:46:01.382364" elapsed="0.000000"/>
</kw>
<status status="PASS" start="2025-06-03T19:46:01.382364" elapsed="0.000000"/>
</kw>
<kw name="POST On Session" owner="RequestsLibrary">
<msg time="2025-06-03T19:46:01.836415" level="INFO">POST Request : url=https://serverest.dev/usuarios 
 path_url=/usuarios 
 headers={'User-Agent': 'python-requests/2.32.3', 'Accept-Encoding': 'gzip, deflate', 'accept': 'application/json', 'Connection': 'keep-alive', 'Content-Type': 'application/json', 'Content-Length': '96'} 
 body=b'{"nome": "cliente", "email": "aqhd@emailteste.com", "password": "1234", "administrador": "true"}' 
 </msg>
<msg time="2025-06-03T19:46:01.836415" level="INFO">POST Response : url=https://serverest.dev/usuarios 
 status=201, reason=Created 
 headers={'access-control-allow-origin': '*', 'x-dns-prefetch-control': 'off', 'x-frame-options': 'SAMEORIGIN', 'strict-transport-security': 'max-age=15552000; includeSubDomains', 'x-download-options': 'noopen', 'x-content-type-options': 'nosniff', 'x-xss-protection': '1; mode=block', 'content-type': 'application/json; charset=utf-8', 'x-cloud-trace-context': '5c7f79ce64d43e7ba622ca3b68f81c61', 'date': 'Tue, 03 Jun 2025 22:46:01 GMT', 'server': 'Google Frontend', 'Content-Length': '82'} 
 body={
    "message": "Cadastro realizado com sucesso",
    "_id": "WdktDbSCNR1eIMNx"
} 
 </msg>
<msg time="2025-06-03T19:46:01.836415" level="INFO">C:\Users\Gadita\AppData\Local\Programs\Python\Python312\Lib\site-packages\urllib3\connectionpool.py:1099: InsecureRequestWarning: Unverified HTTPS request is being made to host 'serverest.dev'. Adding certificate verification is strongly advised. See: https://urllib3.readthedocs.io/en/latest/advanced-usage.html#tls-warnings
  warnings.warn(</msg>
<msg time="2025-06-03T19:46:01.837421" level="INFO">${resposta} = &lt;Response [201]&gt;</msg>
<var>${resposta}</var>
<arg>alias=ServeRest</arg>
<arg>url=/usuarios</arg>
<arg>json=${body}</arg>
<arg>expected_status=${status_code_desejado}</arg>
<doc>Sends a POST request on a previously created HTTP Session.</doc>
<status status="PASS" start="2025-06-03T19:46:01.383367" elapsed="0.454054"/>
</kw>
<kw name="Log" owner="BuiltIn">
<msg time="2025-06-03T19:46:01.837927" level="INFO">{'message': 'Cadastro realizado com sucesso', '_id': 'WdktDbSCNR1eIMNx'}</msg>
<arg>${resposta.json()}</arg>
<doc>Logs the given message with the given level.</doc>
<status status="PASS" start="2025-06-03T19:46:01.837927" elapsed="0.000000"/>
</kw>
<kw name="Set Test Variable" owner="BuiltIn">
<msg time="2025-06-03T19:46:01.837927" level="INFO">${RESPOSTA} = {'message': 'Cadastro realizado com sucesso', '_id': 'WdktDbSCNR1eIMNx'}</msg>
<arg>${RESPOSTA}</arg>
<arg>${resposta.json()}</arg>
<doc>Makes a variable available everywhere within the scope of the current test.</doc>
<status status="PASS" start="2025-06-03T19:46:01.837927" elapsed="0.000000"/>
</kw>
<arg>${EMAIL_TESTE}</arg>
<arg>status_code_desejado=201</arg>
<status status="PASS" start="2025-06-03T19:46:01.381864" elapsed="0.457069"/>
</kw>
<kw name="Repetir o cadastro do usuário" owner="api_testing_usuarios">
<kw name="Cadastrar o usuário criado na ServeRest" owner="api_testing_usuarios">
<kw name="Create Dictionary" owner="BuiltIn">
<msg time="2025-06-03T19:46:01.839440" level="INFO">${body} = {'nome': 'cliente', 'email': 'aqhd@emailteste.com', 'password': '1234', 'administrador': 'true'}</msg>
<var>${body}</var>
<arg>nome=cliente</arg>
<arg>email=${email}</arg>
<arg>password=1234</arg>
<arg>administrador=true</arg>
<doc>Creates and returns a dictionary based on the given ``items``.</doc>
<status status="PASS" start="2025-06-03T19:46:01.839440" elapsed="0.000000"/>
</kw>
<kw name="Log" owner="BuiltIn">
<msg time="2025-06-03T19:46:01.839440" level="INFO">{'nome': 'cliente', 'email': 'aqhd@emailteste.com', 'password': '1234', 'administrador': 'true'}</msg>
<arg>${body}</arg>
<doc>Logs the given message with the given level.</doc>
<status status="PASS" start="2025-06-03T19:46:01.839440" elapsed="0.000000"/>
</kw>
<kw name="Criar sessão na ServeRest" owner="api_testing_usuarios">
<kw name="Create Dictionary" owner="BuiltIn">
<msg time="2025-06-03T19:46:01.840445" level="INFO">${headers} = {'accept': 'application/json', 'Content-Type': 'application/json'}</msg>
<var>${headers}</var>
<arg>accept=application/json</arg>
<arg>Content-Type=application/json</arg>
<doc>Creates and returns a dictionary based on the given ``items``.</doc>
<status status="PASS" start="2025-06-03T19:46:01.839440" elapsed="0.001005"/>
</kw>
<kw name="Create Session" owner="RequestsLibrary">
<msg time="2025-06-03T19:46:01.840445" level="INFO">Creating Session using : alias=ServeRest, url=https://serverest.dev, headers={'accept': 'application/json', 'Content-Type': 'application/json'},                     cookies={}, auth=None, timeout=None, proxies=None, verify=False,                     debug=0 </msg>
<arg>alias=ServeRest</arg>
<arg>url=https://serverest.dev</arg>
<arg>headers=${headers}</arg>
<doc>Create Session: create a HTTP session to a server</doc>
<status status="PASS" start="2025-06-03T19:46:01.840445" elapsed="0.000000"/>
</kw>
<status status="PASS" start="2025-06-03T19:46:01.839440" elapsed="0.001511"/>
</kw>
<kw name="POST On Session" owner="RequestsLibrary">
<msg time="2025-06-03T19:46:02.298992" level="INFO">POST Request : url=https://serverest.dev/usuarios 
 path_url=/usuarios 
 headers={'User-Agent': 'python-requests/2.32.3', 'Accept-Encoding': 'gzip, deflate', 'accept': 'application/json', 'Connection': 'keep-alive', 'Content-Type': 'application/json', 'Content-Length': '96'} 
 body=b'{"nome": "cliente", "email": "aqhd@emailteste.com", "password": "1234", "administrador": "true"}' 
 </msg>
<msg time="2025-06-03T19:46:02.298992" level="INFO">POST Response : url=https://serverest.dev/usuarios 
 status=400, reason=Bad Request 
 headers={'access-control-allow-origin': '*', 'x-dns-prefetch-control': 'off', 'x-frame-options': 'SAMEORIGIN', 'strict-transport-security': 'max-age=15552000; includeSubDomains', 'x-download-options': 'noopen', 'x-content-type-options': 'nosniff', 'x-xss-protection': '1; mode=block', 'content-type': 'application/json; charset=utf-8', 'x-cloud-trace-context': '8cb8321e86e702b083b570e7afd99204', 'date': 'Tue, 03 Jun 2025 22:46:02 GMT', 'server': 'Google Frontend', 'Content-Length': '53'} 
 body={
    "message": "Este email já está sendo usado"
} 
 </msg>
<msg time="2025-06-03T19:46:02.298992" level="INFO">C:\Users\Gadita\AppData\Local\Programs\Python\Python312\Lib\site-packages\urllib3\connectionpool.py:1099: InsecureRequestWarning: Unverified HTTPS request is being made to host 'serverest.dev'. Adding certificate verification is strongly advised. See: https://urllib3.readthedocs.io/en/latest/advanced-usage.html#tls-warnings
  warnings.warn(</msg>
<msg time="2025-06-03T19:46:02.298992" level="INFO">${resposta} = &lt;Response [400]&gt;</msg>
<var>${resposta}</var>
<arg>alias=ServeRest</arg>
<arg>url=/usuarios</arg>
<arg>json=${body}</arg>
<arg>expected_status=${status_code_desejado}</arg>
<doc>Sends a POST request on a previously created HTTP Session.</doc>
<status status="PASS" start="2025-06-03T19:46:01.840951" elapsed="0.458041"/>
</kw>
<kw name="Log" owner="BuiltIn">
<msg time="2025-06-03T19:46:02.300504" level="INFO">{'message': 'Este email já está sendo usado'}</msg>
<arg>${resposta.json()}</arg>
<doc>Logs the given message with the given level.</doc>
<status status="PASS" start="2025-06-03T19:46:02.299997" elapsed="0.000507"/>
</kw>
<kw name="Set Test Variable" owner="BuiltIn">
<msg time="2025-06-03T19:46:02.300504" level="INFO">${RESPOSTA} = {'message': 'Este email já está sendo usado'}</msg>
<arg>${RESPOSTA}</arg>
<arg>${resposta.json()}</arg>
<doc>Makes a variable available everywhere within the scope of the current test.</doc>
<status status="PASS" start="2025-06-03T19:46:02.300504" elapsed="0.000000"/>
</kw>
<arg>${EMAIL_TESTE}</arg>
<arg>status_code_desejado=400</arg>
<status status="PASS" start="2025-06-03T19:46:01.838933" elapsed="0.461571"/>
</kw>
<status status="PASS" start="2025-06-03T19:46:01.838933" elapsed="0.461571"/>
</kw>
<kw name="Verificar se a API não permitiu o cadastro repetido" owner="api_testing_usuarios">
<kw name="Dictionary Should Contain Item" owner="Collections">
<arg>${RESPOSTA}</arg>
<arg>message</arg>
<arg>Este email já está sendo usado</arg>
<doc>An item of ``key`` / ``value`` must be found in a ``dictionary``.</doc>
<status status="PASS" start="2025-06-03T19:46:02.301508" elapsed="0.000000"/>
</kw>
<status status="PASS" start="2025-06-03T19:46:02.300504" elapsed="0.001004"/>
</kw>
<status status="PASS" start="2025-06-03T19:46:01.379354" elapsed="0.922154"/>
</test>
<status status="PASS" start="2025-06-03T19:46:00.418901" elapsed="1.883114"/>
</suite>
<statistics>
<total>
<stat pass="2" fail="0" skip="0">All Tests</stat>
</total>
<tag>
</tag>
<suite>
<stat pass="2" fail="0" skip="0" id="s1" name="Api Testing Usuarios">Api Testing Usuarios</stat>
</suite>
</statistics>
<errors>
</errors>
</robot>
